# JRE version: 7.0_13-b20
# Java VM: Java HotSpot(TM) Client VM (23.7-b01 mixed mode windows-x86 )
Heap
 def new generation   total 24640K, used 11563K [0x03c10000, 0x056c0000, 0x09160000)
  eden space 21952K,  41% used [0x03c10000, 0x044e6b50, 0x05180000)
  from space 2688K,  93% used [0x05420000, 0x056943e0, 0x056c0000)
  to   space 2688K,   0% used [0x05180000, 0x05180000, 0x05420000)
 tenured generation   total 54644K, used 32786K [0x09160000, 0x0c6bd000, 0x13c10000)
   the space 54644K,  59% used [0x09160000, 0x0b164858, 0x0b164a00, 0x0c6bd000)
 compacting perm gen  total 39680K, used 39538K [0x13c10000, 0x162d0000, 0x17c10000)
   the space 39680K,  99% used [0x13c10000, 0x162ac9d8, 0x162aca00, 0x162d0000)
GC Heap History (10 events):
Event: 12.274 GC heap before
{Heap before GC invocations=129 (full 9):
 def new generation   total 21312K, used 19008K [0x03c10000, 0x05320000, 0x09160000)
  eden space 19008K, 100% used [0x03c10000, 0x04ea0000, 0x04ea0000)
  from space 2304K,   0% used [0x04ea0000, 0x04ea0000, 0x050e0000)
  to   space 2304K,   0% used [0x050e0000, 0x050e0000, 0x05320000)
 tenured generation   total 47124K, used 28273K [0x09160000, 0x0bf65000, 0x13c10000)
   the space 47124K,  59% used [0x09160000, 0x0acfc740, 0x0acfc800, 0x0bf65000)
 compacting perm gen  total 35328K, used 35193K [0x13c10000, 0x15e90000, 0x17c10000)
   the space 35328K,  99% used [0x13c10000, 0x15e6e768, 0x15e6e800, 0x15e90000)
No shared spaces configured.
Event: 12.280 GC heap after
Heap after GC invocations=130 (full 9):
 def new generation   total 21312K, used 2304K [0x03c10000, 0x05320000, 0x09160000)
  eden space 19008K,   0% used [0x03c10000, 0x03c10000, 0x04ea0000)
  from space 2304K, 100% used [0x050e0000, 0x05320000, 0x05320000)
  to   space 2304K,   0% used [0x04ea0000, 0x04ea0000, 0x050e0000)
 tenured generation   total 47124K, used 28416K [0x09160000, 0x0bf65000, 0x13c10000)
   the space 47124K,  60% used [0x09160000, 0x0ad201b0, 0x0ad20200, 0x0bf65000)
 compacting perm gen  total 35328K, used 35193K [0x13c10000, 0x15e90000, 0x17c10000)
   the space 35328K,  99% used [0x13c10000, 0x15e6e768, 0x15e6e800, 0x15e90000)
No shared spaces configured.
}
Event: 12.496 GC heap before
{Heap before GC invocations=130 (full 9):
 def new generation   total 21312K, used 21312K [0x03c10000, 0x05320000, 0x09160000)
  eden space 19008K, 100% used [0x03c10000, 0x04ea0000, 0x04ea0000)
  from space 2304K, 100% used [0x050e0000, 0x05320000, 0x05320000)
  to   space 2304K,   0% used [0x04ea0000, 0x04ea0000, 0x050e0000)
 tenured generation   total 47124K, used 28416K [0x09160000, 0x0bf65000, 0x13c10000)
   the space 47124K,  60% used [0x09160000, 0x0ad201b0, 0x0ad20200, 0x0bf65000)
 compacting perm gen  total 35584K, used 35373K [0x13c10000, 0x15ed0000, 0x17c10000)
   the space 35584K,  99% used [0x13c10000, 0x15e9b6f8, 0x15e9b800, 0x15ed0000)
No shared spaces configured.
Event: 12.501 GC heap after
Heap after GC invocations=131 (full 9):
 def new generation   total 21312K, used 756K [0x03c10000, 0x05320000, 0x09160000)
  eden space 19008K,   0% used [0x03c10000, 0x03c10000, 0x04ea0000)
  from space 2304K,  32% used [0x04ea0000, 0x04f5d2a8, 0x050e0000)
  to   space 2304K,   0% used [0x050e0000, 0x050e0000, 0x05320000)
 tenured generation   total 47124K, used 28737K [0x09160000, 0x0bf65000, 0x13c10000)
   the space 47124K,  60% used [0x09160000, 0x0ad705a8, 0x0ad70600, 0x0bf65000)
 compacting perm gen  total 35584K, used 35373K [0x13c10000, 0x15ed0000, 0x17c10000)
   the space 35584K,  99% used [0x13c10000, 0x15e9b6f8, 0x15e9b800, 0x15ed0000)
No shared spaces configured.
}
Event: 12.789 GC heap before
{Heap before GC invocations=131 (full 9):
 def new generation   total 21312K, used 19764K [0x03c10000, 0x05320000, 0x09160000)
  eden space 19008K, 100% used [0x03c10000, 0x04ea0000, 0x04ea0000)
  from space 2304K,  32% used [0x04ea0000, 0x04f5d2a8, 0x050e0000)
  to   space 2304K,   0% used [0x050e0000, 0x050e0000, 0x05320000)
 tenured generation   total 47124K, used 28737K [0x09160000, 0x0bf65000, 0x13c10000)
   the space 47124K,  60% used [0x09160000, 0x0ad705a8, 0x0ad70600, 0x0bf65000)
 compacting perm gen  total 36608K, used 36444K [0x13c10000, 0x15fd0000, 0x17c10000)
   the space 36608K,  99% used [0x13c10000, 0x15fa7330, 0x15fa7400, 0x15fd0000)
No shared spaces configured.
Event: 12.800 GC heap after
Heap after GC invocations=132 (full 9):
 def new generation   total 21312K, used 2304K [0x03c10000, 0x05320000, 0x09160000)
  eden space 19008K,   0% used [0x03c10000, 0x03c10000, 0x04ea0000)
  from space 2304K, 100% used [0x050e0000, 0x05320000, 0x05320000)
  to   space 2304K,   0% used [0x04ea0000, 0x04ea0000, 0x050e0000)
 tenured generation   total 47124K, used 29159K [0x09160000, 0x0bf65000, 0x13c10000)
   the space 47124K,  61% used [0x09160000, 0x0add9ca8, 0x0add9e00, 0x0bf65000)
 compacting perm gen  total 36608K, used 36444K [0x13c10000, 0x15fd0000, 0x17c10000)
   the space 36608K,  99% used [0x13c10000, 0x15fa7330, 0x15fa7400, 0x15fd0000)
No shared spaces configured.
}
Event: 20.964 GC heap before
{Heap before GC invocations=132 (full 9):
 def new generation   total 21312K, used 19219K [0x03c10000, 0x05320000, 0x09160000)
  eden space 19008K,  88% used [0x03c10000, 0x04c94d48, 0x04ea0000)
  from space 2304K, 100% used [0x050e0000, 0x05320000, 0x05320000)
  to   space 2304K,   0% used [0x04ea0000, 0x04ea0000, 0x050e0000)
 tenured generation   total 47124K, used 29159K [0x09160000, 0x0bf65000, 0x13c10000)
   the space 47124K,  61% used [0x09160000, 0x0add9ca8, 0x0add9e00, 0x0bf65000)
 compacting perm gen  total 37632K, used 37631K [0x13c10000, 0x160d0000, 0x17c10000)
   the space 37632K,  99% used [0x13c10000, 0x160cfe98, 0x160d0000, 0x160d0000)
No shared spaces configured.
Event: 21.098 GC heap after
Heap after GC invocations=133 (full 10):
 def new generation   total 24640K, used 0K [0x03c10000, 0x056c0000, 0x09160000)
  eden space 21952K,   0% used [0x03c10000, 0x03c10000, 0x05180000)
  from space 2688K,   0% used [0x05180000, 0x05180000, 0x05420000)
  to   space 2688K,   0% used [0x05420000, 0x05420000, 0x056c0000)
 tenured generation   total 54644K, used 32786K [0x09160000, 0x0c6bd000, 0x13c10000)
   the space 54644K,  59% used [0x09160000, 0x0b164858, 0x0b164a00, 0x0c6bd000)
 compacting perm gen  total 37632K, used 37631K [0x13c10000, 0x160d0000, 0x17c10000)
   the space 37632K,  99% used [0x13c10000, 0x160cfe98, 0x160d0000, 0x160d0000)
No shared spaces configured.
}
Event: 21.577 GC heap before
{Heap before GC invocations=133 (full 10):
 def new generation   total 24640K, used 21952K [0x03c10000, 0x056c0000, 0x09160000)
  eden space 21952K, 100% used [0x03c10000, 0x05180000, 0x05180000)
  from space 2688K,   0% used [0x05180000, 0x05180000, 0x05420000)
  to   space 2688K,   0% used [0x05420000, 0x05420000, 0x056c0000)
 tenured generation   total 54644K, used 32786K [0x09160000, 0x0c6bd000, 0x13c10000)
   the space 54644K,  59% used [0x09160000, 0x0b164858, 0x0b164a00, 0x0c6bd000)
 compacting perm gen  total 39424K, used 39187K [0x13c10000, 0x16290000, 0x17c10000)
   the space 39424K,  99% used [0x13c10000, 0x16254f08, 0x16255000, 0x16290000)
No shared spaces configured.
Event: 21.585 GC heap after
Heap after GC invocations=134 (full 10):
 def new generation   total 24640K, used 2512K [0x03c10000, 0x056c0000, 0x09160000)
  eden space 21952K,   0% used [0x03c10000, 0x03c10000, 0x05180000)
  from space 2688K,  93% used [0x05420000, 0x056943e0, 0x056c0000)
  to   space 2688K,   0% used [0x05180000, 0x05180000, 0x05420000)
 tenured generation   total 54644K, used 32786K [0x09160000, 0x0c6bd000, 0x13c10000)
   the space 54644K,  59% used [0x09160000, 0x0b164858, 0x0b164a00, 0x0c6bd000)
 compacting perm gen  total 39424K, used 39187K [0x13c10000, 0x16290000, 0x17c10000)
   the space 39424K,  99% used [0x13c10000, 0x16254f08, 0x16255000, 0x16290000)
No shared spaces configured.
}

