# JRE version: 7.0_13-b20
# Java VM: Java HotSpot(TM) Client VM (23.7-b01 mixed mode windows-x86 )
Heap
 def new generation   total 24768K, used 11583K [0x03b80000, 0x05660000, 0x090d0000)
  eden space 22016K,  41% used [0x03b80000, 0x0445d8f0, 0x05100000)
  from space 2752K,  91% used [0x053b0000, 0x05622328, 0x05660000)
  to   space 2752K,   0% used [0x05100000, 0x05100000, 0x053b0000)
 tenured generation   total 54996K, used 32997K [0x090d0000, 0x0c685000, 0x13b80000)
   the space 54996K,  59% used [0x090d0000, 0x0b109578, 0x0b109600, 0x0c685000)
 compacting perm gen  total 39680K, used 39539K [0x13b80000, 0x16240000, 0x17b80000)
   the space 39680K,  99% used [0x13b80000, 0x1621cd48, 0x1621ce00, 0x16240000)
GC Heap History (10 events):
Event: 12.600 GC heap before
{Heap before GC invocations=129 (full 9):
 def new generation   total 21312K, used 19008K [0x03b80000, 0x05290000, 0x090d0000)
  eden space 19008K, 100% used [0x03b80000, 0x04e10000, 0x04e10000)
  from space 2304K,   0% used [0x04e10000, 0x04e10000, 0x05050000)
  to   space 2304K,   0% used [0x05050000, 0x05050000, 0x05290000)
 tenured generation   total 47208K, used 28323K [0x090d0000, 0x0beea000, 0x13b80000)
   the space 47208K,  59% used [0x090d0000, 0x0ac78d28, 0x0ac78e00, 0x0beea000)
 compacting perm gen  total 35328K, used 35193K [0x13b80000, 0x15e00000, 0x17b80000)
   the space 35328K,  99% used [0x13b80000, 0x15dde6e8, 0x15dde800, 0x15e00000)
No shared spaces configured.
Event: 12.606 GC heap after
Heap after GC invocations=130 (full 9):
 def new generation   total 21312K, used 2304K [0x03b80000, 0x05290000, 0x090d0000)
  eden space 19008K,   0% used [0x03b80000, 0x03b80000, 0x04e10000)
  from space 2304K, 100% used [0x05050000, 0x05290000, 0x05290000)
  to   space 2304K,   0% used [0x04e10000, 0x04e10000, 0x05050000)
 tenured generation   total 47208K, used 28450K [0x090d0000, 0x0beea000, 0x13b80000)
   the space 47208K,  60% used [0x090d0000, 0x0ac98b58, 0x0ac98c00, 0x0beea000)
 compacting perm gen  total 35328K, used 35193K [0x13b80000, 0x15e00000, 0x17b80000)
   the space 35328K,  99% used [0x13b80000, 0x15dde6e8, 0x15dde800, 0x15e00000)
No shared spaces configured.
}
Event: 12.819 GC heap before
{Heap before GC invocations=130 (full 9):
 def new generation   total 21312K, used 21312K [0x03b80000, 0x05290000, 0x090d0000)
  eden space 19008K, 100% used [0x03b80000, 0x04e10000, 0x04e10000)
  from space 2304K, 100% used [0x05050000, 0x05290000, 0x05290000)
  to   space 2304K,   0% used [0x04e10000, 0x04e10000, 0x05050000)
 tenured generation   total 47208K, used 28450K [0x090d0000, 0x0beea000, 0x13b80000)
   the space 47208K,  60% used [0x090d0000, 0x0ac98b58, 0x0ac98c00, 0x0beea000)
 compacting perm gen  total 35584K, used 35375K [0x13b80000, 0x15e40000, 0x17b80000)
   the space 35584K,  99% used [0x13b80000, 0x15e0bf50, 0x15e0c000, 0x15e40000)
No shared spaces configured.
Event: 12.824 GC heap after
Heap after GC invocations=131 (full 9):
 def new generation   total 21312K, used 758K [0x03b80000, 0x05290000, 0x090d0000)
  eden space 19008K,   0% used [0x03b80000, 0x03b80000, 0x04e10000)
  from space 2304K,  32% used [0x04e10000, 0x04ecdac8, 0x05050000)
  to   space 2304K,   0% used [0x05050000, 0x05050000, 0x05290000)
 tenured generation   total 47208K, used 28756K [0x090d0000, 0x0beea000, 0x13b80000)
   the space 47208K,  60% used [0x090d0000, 0x0ace51d0, 0x0ace5200, 0x0beea000)
 compacting perm gen  total 35584K, used 35375K [0x13b80000, 0x15e40000, 0x17b80000)
   the space 35584K,  99% used [0x13b80000, 0x15e0bf50, 0x15e0c000, 0x15e40000)
No shared spaces configured.
}
Event: 13.113 GC heap before
{Heap before GC invocations=131 (full 9):
 def new generation   total 21312K, used 19766K [0x03b80000, 0x05290000, 0x090d0000)
  eden space 19008K, 100% used [0x03b80000, 0x04e10000, 0x04e10000)
  from space 2304K,  32% used [0x04e10000, 0x04ecdac8, 0x05050000)
  to   space 2304K,   0% used [0x05050000, 0x05050000, 0x05290000)
 tenured generation   total 47208K, used 28756K [0x090d0000, 0x0beea000, 0x13b80000)
   the space 47208K,  60% used [0x090d0000, 0x0ace51d0, 0x0ace5200, 0x0beea000)
 compacting perm gen  total 36608K, used 36424K [0x13b80000, 0x15f40000, 0x17b80000)
   the space 36608K,  99% used [0x13b80000, 0x15f12080, 0x15f12200, 0x15f40000)
No shared spaces configured.
Event: 13.121 GC heap after
Heap after GC invocations=132 (full 9):
 def new generation   total 21312K, used 2304K [0x03b80000, 0x05290000, 0x090d0000)
  eden space 19008K,   0% used [0x03b80000, 0x03b80000, 0x04e10000)
  from space 2304K, 100% used [0x05050000, 0x05290000, 0x05290000)
  to   space 2304K,   0% used [0x04e10000, 0x04e10000, 0x05050000)
 tenured generation   total 47208K, used 29250K [0x090d0000, 0x0beea000, 0x13b80000)
   the space 47208K,  61% used [0x090d0000, 0x0ad60980, 0x0ad60a00, 0x0beea000)
 compacting perm gen  total 36608K, used 36424K [0x13b80000, 0x15f40000, 0x17b80000)
   the space 36608K,  99% used [0x13b80000, 0x15f12080, 0x15f12200, 0x15f40000)
No shared spaces configured.
}
Event: 18.732 GC heap before
{Heap before GC invocations=132 (full 9):
 def new generation   total 21312K, used 19871K [0x03b80000, 0x05290000, 0x090d0000)
  eden space 19008K,  92% used [0x03b80000, 0x04ca7d08, 0x04e10000)
  from space 2304K, 100% used [0x05050000, 0x05290000, 0x05290000)
  to   space 2304K,   0% used [0x04e10000, 0x04e10000, 0x05050000)
 tenured generation   total 47208K, used 29250K [0x090d0000, 0x0beea000, 0x13b80000)
   the space 47208K,  61% used [0x090d0000, 0x0ad60980, 0x0ad60a00, 0x0beea000)
 compacting perm gen  total 37632K, used 37631K [0x13b80000, 0x16040000, 0x17b80000)
   the space 37632K,  99% used [0x13b80000, 0x1603ffc0, 0x16040000, 0x16040000)
No shared spaces configured.
Event: 18.865 GC heap after
Heap after GC invocations=133 (full 10):
 def new generation   total 24768K, used 0K [0x03b80000, 0x05660000, 0x090d0000)
  eden space 22016K,   0% used [0x03b80000, 0x03b80000, 0x05100000)
  from space 2752K,   0% used [0x05100000, 0x05100000, 0x053b0000)
  to   space 2752K,   0% used [0x053b0000, 0x053b0000, 0x05660000)
 tenured generation   total 54996K, used 32997K [0x090d0000, 0x0c685000, 0x13b80000)
   the space 54996K,  59% used [0x090d0000, 0x0b109578, 0x0b109600, 0x0c685000)
 compacting perm gen  total 37632K, used 37631K [0x13b80000, 0x16040000, 0x17b80000)
   the space 37632K,  99% used [0x13b80000, 0x1603ffc0, 0x16040000, 0x16040000)
No shared spaces configured.
}
Event: 19.396 GC heap before
{Heap before GC invocations=133 (full 10):
 def new generation   total 24768K, used 22016K [0x03b80000, 0x05660000, 0x090d0000)
  eden space 22016K, 100% used [0x03b80000, 0x05100000, 0x05100000)
  from space 2752K,   0% used [0x05100000, 0x05100000, 0x053b0000)
  to   space 2752K,   0% used [0x053b0000, 0x053b0000, 0x05660000)
 tenured generation   total 54996K, used 32997K [0x090d0000, 0x0c685000, 0x13b80000)
   the space 54996K,  59% used [0x090d0000, 0x0b109578, 0x0b109600, 0x0c685000)
 compacting perm gen  total 39424K, used 39190K [0x13b80000, 0x16200000, 0x17b80000)
   the space 39424K,  99% used [0x13b80000, 0x161c5948, 0x161c5a00, 0x16200000)
No shared spaces configured.
Event: 19.404 GC heap after
Heap after GC invocations=134 (full 10):
 def new generation   total 24768K, used 2504K [0x03b80000, 0x05660000, 0x090d0000)
  eden space 22016K,   0% used [0x03b80000, 0x03b80000, 0x05100000)
  from space 2752K,  91% used [0x053b0000, 0x05622328, 0x05660000)
  to   space 2752K,   0% used [0x05100000, 0x05100000, 0x053b0000)
 tenured generation   total 54996K, used 32997K [0x090d0000, 0x0c685000, 0x13b80000)
   the space 54996K,  59% used [0x090d0000, 0x0b109578, 0x0b109600, 0x0c685000)
 compacting perm gen  total 39424K, used 39190K [0x13b80000, 0x16200000, 0x17b80000)
   the space 39424K,  99% used [0x13b80000, 0x161c5948, 0x161c5a00, 0x16200000)
No shared spaces configured.
}

