# JRE version: 7.0_13-b20
# Java VM: Java HotSpot(TM) Client VM (23.7-b01 mixed mode windows-x86 )
Heap
 def new generation   total 24704K, used 11780K [0x03b00000, 0x055c0000, 0x09050000)
  eden space 22016K,  42% used [0x03b00000, 0x0441dd70, 0x05080000)
  from space 2688K,  90% used [0x05320000, 0x05583470, 0x055c0000)
  to   space 2688K,   0% used [0x05080000, 0x05080000, 0x05320000)
 tenured generation   total 54732K, used 32837K [0x09050000, 0x0c5c3000, 0x13b00000)
   the space 54732K,  59% used [0x09050000, 0x0b061470, 0x0b061600, 0x0c5c3000)
 compacting perm gen  total 39680K, used 39540K [0x13b00000, 0x161c0000, 0x17b00000)
   the space 39680K,  99% used [0x13b00000, 0x1619d2e0, 0x1619d400, 0x161c0000)
GC Heap History (10 events):
Event: 12.652 GC heap before
{Heap before GC invocations=129 (full 9):
 def new generation   total 21312K, used 19008K [0x03b00000, 0x05210000, 0x09050000)
  eden space 19008K, 100% used [0x03b00000, 0x04d90000, 0x04d90000)
  from space 2304K,   0% used [0x04d90000, 0x04d90000, 0x04fd0000)
  to   space 2304K,   0% used [0x04fd0000, 0x04fd0000, 0x05210000)
 tenured generation   total 47116K, used 28268K [0x09050000, 0x0be53000, 0x13b00000)
   the space 47116K,  59% used [0x09050000, 0x0abeb1e0, 0x0abeb200, 0x0be53000)
 compacting perm gen  total 35328K, used 35190K [0x13b00000, 0x15d80000, 0x17b00000)
   the space 35328K,  99% used [0x13b00000, 0x15d5dab8, 0x15d5dc00, 0x15d80000)
No shared spaces configured.
Event: 12.657 GC heap after
Heap after GC invocations=130 (full 9):
 def new generation   total 21312K, used 2303K [0x03b00000, 0x05210000, 0x09050000)
  eden space 19008K,   0% used [0x03b00000, 0x03b00000, 0x04d90000)
  from space 2304K,  99% used [0x04fd0000, 0x0520ff80, 0x05210000)
  to   space 2304K,   0% used [0x04d90000, 0x04d90000, 0x04fd0000)
 tenured generation   total 47116K, used 28401K [0x09050000, 0x0be53000, 0x13b00000)
   the space 47116K,  60% used [0x09050000, 0x0ac0c7e8, 0x0ac0c800, 0x0be53000)
 compacting perm gen  total 35328K, used 35190K [0x13b00000, 0x15d80000, 0x17b00000)
   the space 35328K,  99% used [0x13b00000, 0x15d5dab8, 0x15d5dc00, 0x15d80000)
No shared spaces configured.
}
Event: 12.871 GC heap before
{Heap before GC invocations=130 (full 9):
 def new generation   total 21312K, used 21311K [0x03b00000, 0x05210000, 0x09050000)
  eden space 19008K, 100% used [0x03b00000, 0x04d90000, 0x04d90000)
  from space 2304K,  99% used [0x04fd0000, 0x0520ff80, 0x05210000)
  to   space 2304K,   0% used [0x04d90000, 0x04d90000, 0x04fd0000)
 tenured generation   total 47116K, used 28401K [0x09050000, 0x0be53000, 0x13b00000)
   the space 47116K,  60% used [0x09050000, 0x0ac0c7e8, 0x0ac0c800, 0x0be53000)
 compacting perm gen  total 35584K, used 35372K [0x13b00000, 0x15dc0000, 0x17b00000)
   the space 35584K,  99% used [0x13b00000, 0x15d8b068, 0x15d8b200, 0x15dc0000)
No shared spaces configured.
Event: 12.876 GC heap after
Heap after GC invocations=131 (full 9):
 def new generation   total 21312K, used 759K [0x03b00000, 0x05210000, 0x09050000)
  eden space 19008K,   0% used [0x03b00000, 0x03b00000, 0x04d90000)
  from space 2304K,  32% used [0x04d90000, 0x04e4dd88, 0x04fd0000)
  to   space 2304K,   0% used [0x04fd0000, 0x04fd0000, 0x05210000)
 tenured generation   total 47116K, used 28710K [0x09050000, 0x0be53000, 0x13b00000)
   the space 47116K,  60% used [0x09050000, 0x0ac599a8, 0x0ac59a00, 0x0be53000)
 compacting perm gen  total 35584K, used 35372K [0x13b00000, 0x15dc0000, 0x17b00000)
   the space 35584K,  99% used [0x13b00000, 0x15d8b068, 0x15d8b200, 0x15dc0000)
No shared spaces configured.
}
Event: 13.157 GC heap before
{Heap before GC invocations=131 (full 9):
 def new generation   total 21312K, used 19767K [0x03b00000, 0x05210000, 0x09050000)
  eden space 19008K, 100% used [0x03b00000, 0x04d90000, 0x04d90000)
  from space 2304K,  32% used [0x04d90000, 0x04e4dd88, 0x04fd0000)
  to   space 2304K,   0% used [0x04fd0000, 0x04fd0000, 0x05210000)
 tenured generation   total 47116K, used 28710K [0x09050000, 0x0be53000, 0x13b00000)
   the space 47116K,  60% used [0x09050000, 0x0ac599a8, 0x0ac59a00, 0x0be53000)
 compacting perm gen  total 36608K, used 36495K [0x13b00000, 0x15ec0000, 0x17b00000)
   the space 36608K,  99% used [0x13b00000, 0x15ea3c10, 0x15ea3e00, 0x15ec0000)
No shared spaces configured.
Event: 13.166 GC heap after
Heap after GC invocations=132 (full 9):
 def new generation   total 21312K, used 2304K [0x03b00000, 0x05210000, 0x09050000)
  eden space 19008K,   0% used [0x03b00000, 0x03b00000, 0x04d90000)
  from space 2304K, 100% used [0x04fd0000, 0x05210000, 0x05210000)
  to   space 2304K,   0% used [0x04d90000, 0x04d90000, 0x04fd0000)
 tenured generation   total 47116K, used 29182K [0x09050000, 0x0be53000, 0x13b00000)
   the space 47116K,  61% used [0x09050000, 0x0accfbb8, 0x0accfc00, 0x0be53000)
 compacting perm gen  total 36608K, used 36495K [0x13b00000, 0x15ec0000, 0x17b00000)
   the space 36608K,  99% used [0x13b00000, 0x15ea3c10, 0x15ea3e00, 0x15ec0000)
No shared spaces configured.
}
Event: 19.920 GC heap before
{Heap before GC invocations=132 (full 9):
 def new generation   total 21312K, used 19153K [0x03b00000, 0x05210000, 0x09050000)
  eden space 19008K,  88% used [0x03b00000, 0x04b747b0, 0x04d90000)
  from space 2304K, 100% used [0x04fd0000, 0x05210000, 0x05210000)
  to   space 2304K,   0% used [0x04d90000, 0x04d90000, 0x04fd0000)
 tenured generation   total 47116K, used 29182K [0x09050000, 0x0be53000, 0x13b00000)
   the space 47116K,  61% used [0x09050000, 0x0accfbb8, 0x0accfc00, 0x0be53000)
 compacting perm gen  total 37632K, used 37630K [0x13b00000, 0x15fc0000, 0x17b00000)
   the space 37632K,  99% used [0x13b00000, 0x15fbfa70, 0x15fbfc00, 0x15fc0000)
No shared spaces configured.
Event: 20.054 GC heap after
Heap after GC invocations=133 (full 10):
 def new generation   total 24704K, used 0K [0x03b00000, 0x055c0000, 0x09050000)
  eden space 22016K,   0% used [0x03b00000, 0x03b00000, 0x05080000)
  from space 2688K,   0% used [0x05080000, 0x05080000, 0x05320000)
  to   space 2688K,   0% used [0x05320000, 0x05320000, 0x055c0000)
 tenured generation   total 54732K, used 32837K [0x09050000, 0x0c5c3000, 0x13b00000)
   the space 54732K,  59% used [0x09050000, 0x0b061470, 0x0b061600, 0x0c5c3000)
 compacting perm gen  total 37632K, used 37630K [0x13b00000, 0x15fc0000, 0x17b00000)
   the space 37632K,  99% used [0x13b00000, 0x15fbfa70, 0x15fbfc00, 0x15fc0000)
No shared spaces configured.
}
Event: 20.500 GC heap before
{Heap before GC invocations=133 (full 10):
 def new generation   total 24704K, used 22016K [0x03b00000, 0x055c0000, 0x09050000)
  eden space 22016K, 100% used [0x03b00000, 0x05080000, 0x05080000)
  from space 2688K,   0% used [0x05080000, 0x05080000, 0x05320000)
  to   space 2688K,   0% used [0x05320000, 0x05320000, 0x055c0000)
 tenured generation   total 54732K, used 32837K [0x09050000, 0x0c5c3000, 0x13b00000)
   the space 54732K,  59% used [0x09050000, 0x0b061470, 0x0b061600, 0x0c5c3000)
 compacting perm gen  total 39424K, used 39186K [0x13b00000, 0x16180000, 0x17b00000)
   the space 39424K,  99% used [0x13b00000, 0x16144a88, 0x16144c00, 0x16180000)
No shared spaces configured.
Event: 20.509 GC heap after
Heap after GC invocations=134 (full 10):
 def new generation   total 24704K, used 2445K [0x03b00000, 0x055c0000, 0x09050000)
  eden space 22016K,   0% used [0x03b00000, 0x03b00000, 0x05080000)
  from space 2688K,  90% used [0x05320000, 0x05583470, 0x055c0000)
  to   space 2688K,   0% used [0x05080000, 0x05080000, 0x05320000)
 tenured generation   total 54732K, used 32837K [0x09050000, 0x0c5c3000, 0x13b00000)
   the space 54732K,  59% used [0x09050000, 0x0b061470, 0x0b061600, 0x0c5c3000)
 compacting perm gen  total 39424K, used 39186K [0x13b00000, 0x16180000, 0x17b00000)
   the space 39424K,  99% used [0x13b00000, 0x16144a88, 0x16144c00, 0x16180000)
No shared spaces configured.
}

